<?xml version="1.0" encoding="UTF-8"?>
<!-- Generated by org.testng.reporters.JUnitReportReporter -->
<testsuite skipped="0" hostname="DESKTOP-RHD13OT" name="com.test.Datamigration" tests="1" failures="0" timestamp="20 Aug 2019 12:19:46 GMT" time="0.401" errors="0">
  <testcase name="Database_Reconciliation_test" time="0.401" classname="com.test.Datamigration"/>
</testsuite> <!-- com.test.Datamigration -->
