<?xml version="1.0" encoding="UTF-8"?>
<!-- Generated by org.testng.reporters.JUnitReportReporter -->
<testsuite skipped="0" hostname="DESKTOP-RHD13OT" name="com.aroha.qa.pages.Datamigration" tests="1" failures="0" timestamp="20 Aug 2019 11:59:08 GMT" time="0.389" errors="0">
  <testcase name="Database_Reconciliation_test" time="0.389" classname="com.aroha.qa.pages.Datamigration"/>
</testsuite> <!-- com.aroha.qa.pages.Datamigration -->
