<?xml version="1.0" encoding="UTF-8"?>
<!-- Generated by org.testng.reporters.JUnitReportReporter -->
<testsuite skipped="0" hostname="DESKTOP-RHD13OT" name="extentReport.ExtentReportVersion3" tests="2" failures="0" timestamp="29 Aug 2019 09:51:46 GMT" time="0.015" errors="0">
  <testcase name="f" time="0.005" classname="extentReport.ExtentReportVersion3"/>
  <testcase name="f" time="0.010" classname="extentReport.ExtentReportVersion3"/>
</testsuite> <!-- extentReport.ExtentReportVersion3 -->
