<?xml version="1.0" encoding="UTF-8"?>
<!-- Generated by org.testng.reporters.JUnitReportReporter -->
<testsuite skipped="0" hostname="DESKTOP-RHD13OT" name="com.test.LoginTest" tests="1" failures="0" timestamp="20 Aug 2019 11:59:08 GMT" time="20.832" errors="0">
  <testcase name="Logintest" time="20.832" classname="com.test.LoginTest"/>
</testsuite> <!-- com.test.LoginTest -->
