<?xml version="1.0" encoding="UTF-8"?>
<!-- Generated by org.testng.reporters.JUnitReportReporter -->
<testsuite skipped="0" hostname="DESKTOP-RHD13OT" name="com.test.LoginTest" tests="1" failures="0" timestamp="20 Aug 2019 11:42:18 GMT" time="22.956" errors="0">
  <testcase name="Logintest" time="22.956" classname="com.test.LoginTest"/>
</testsuite> <!-- com.test.LoginTest -->
