<?xml version="1.0" encoding="UTF-8"?>
<!-- Generated by org.testng.reporters.JUnitReportReporter -->
<testsuite skipped="0" hostname="DESKTOP-RHD13OT" name="com.test.LoginTest" tests="1" failures="0" timestamp="26 Aug 2019 04:24:12 GMT" time="33.554" errors="0">
  <testcase name="Logintest" time="33.554" classname="com.test.LoginTest"/>
</testsuite> <!-- com.test.LoginTest -->
