<?xml version="1.0" encoding="UTF-8"?>
<!-- Generated by org.testng.reporters.JUnitReportReporter -->
<testsuite skipped="0" hostname="DESKTOP-RHD13OT" name="com.test.LoginTest" tests="1" failures="0" timestamp="29 Aug 2019 09:51:46 GMT" time="22.120" errors="0">
  <testcase name="Logintest" time="22.120" classname="com.test.LoginTest"/>
</testsuite> <!-- com.test.LoginTest -->
