<?xml version="1.0" encoding="UTF-8"?>
<!-- Generated by org.testng.reporters.JUnitReportReporter -->
<testsuite skipped="0" hostname="DESKTOP-RHD13OT" name="com.test.Datamigration" tests="1" failures="0" timestamp="26 Aug 2019 04:24:12 GMT" time="0.492" errors="0">
  <testcase name="Database_Reconciliation_test" time="0.492" classname="com.test.Datamigration"/>
</testsuite> <!-- com.test.Datamigration -->
