<?xml version="1.0" encoding="UTF-8"?>
<!-- Generated by org.testng.reporters.JUnitReportReporter -->
<testsuite skipped="0" hostname="DESKTOP-RHD13OT" name="com.test.LoginTest" tests="1" failures="0" timestamp="19 Aug 2019 11:06:47 GMT" time="26.402" errors="0">
  <testcase name="Logintest" time="26.402" classname="com.test.LoginTest"/>
</testsuite> <!-- com.test.LoginTest -->
